<?xml version="1.0" encoding="UTF-8"?>
<!-- Generated by org.testng.reporters.JUnitReportReporter -->
<testsuite hostname="Administrators-Mac-mini-52.local" name="Selenium.TestScenarios" tests="3" failures="1" timestamp="13 Mar 2014 08:37:28 GMT" time="195.145" errors="0">
  <testcase name="test1" time="20.669" classname="Selenium.TestScenarios">
    <failure type="org.openqa.selenium.ElementNotVisibleException" message="Element is not currently visible and so may not be interacted with
Command duration or timeout: 13 milliseconds
Build info: version: &#039;2.40.0&#039;, revision: &#039;4c5c0568b004f67810ee41c459549aa4b09c651e&#039;, time: &#039;2014-02-19 11:13:01&#039;
System info: host: &#039;Administrators-Mac-mini-52.local&#039;, ip: &#039;172.16.23.26&#039;, os.name: &#039;Mac OS X&#039;, os.arch: &#039;x86_64&#039;, os.version: &#039;10.7.5&#039;, java.version: &#039;1.6.0_51&#039;
Session ID: 23bc8b82-3998-214f-a972-48058a460b16
Driver info: org.openqa.selenium.firefox.FirefoxDriver
Capabilities [{platform=MAC, acceptSslCerts=true, javascriptEnabled=true, browserName=firefox, rotatable=false, locationContextEnabled=true, version=27.0.1, cssSelectorsEnabled=true, databaseEnabled=true, handlesAlerts=true, browserConnectionEnabled=true, nativeEvents=false, webStorageEnabled=true, applicationCacheEnabled=true, takesScreenshot=true}]">
      <![CDATA[org.openqa.selenium.ElementNotVisibleException: Element is not currently visible and so may not be interacted with
Command duration or timeout: 13 milliseconds
Build info: version: '2.40.0', revision: '4c5c0568b004f67810ee41c459549aa4b09c651e', time: '2014-02-19 11:13:01'
System info: host: 'Administrators-Mac-mini-52.local', ip: '172.16.23.26', os.name: 'Mac OS X', os.arch: 'x86_64', os.version: '10.7.5', java.version: '1.6.0_51'
Session ID: 23bc8b82-3998-214f-a972-48058a460b16
Driver info: org.openqa.selenium.firefox.FirefoxDriver
Capabilities [{platform=MAC, acceptSslCerts=true, javascriptEnabled=true, browserName=firefox, rotatable=false, locationContextEnabled=true, version=27.0.1, cssSelectorsEnabled=true, databaseEnabled=true, handlesAlerts=true, browserConnectionEnabled=true, nativeEvents=false, webStorageEnabled=true, applicationCacheEnabled=true, takesScreenshot=true}]
	at sun.reflect.NativeConstructorAccessorImpl.newInstance0(Native Method)
	at sun.reflect.NativeConstructorAccessorImpl.newInstance(NativeConstructorAccessorImpl.java:39)
	at sun.reflect.DelegatingConstructorAccessorImpl.newInstance(DelegatingConstructorAccessorImpl.java:27)
	at java.lang.reflect.Constructor.newInstance(Constructor.java:513)
	at org.openqa.selenium.remote.ErrorHandler.createThrowable(ErrorHandler.java:193)
	at org.openqa.selenium.remote.ErrorHandler.throwIfResponseFailed(ErrorHandler.java:145)
	at org.openqa.selenium.remote.RemoteWebDriver.execute(RemoteWebDriver.java:573)
	at org.openqa.selenium.remote.RemoteWebElement.execute(RemoteWebElement.java:268)
	at org.openqa.selenium.remote.RemoteWebElement.click(RemoteWebElement.java:79)
	at Selenium.TestScenarios.test1(TestScenarios.java:45)
	at sun.reflect.NativeMethodAccessorImpl.invoke0(Native Method)
	at sun.reflect.NativeMethodAccessorImpl.invoke(NativeMethodAccessorImpl.java:39)
	at sun.reflect.DelegatingMethodAccessorImpl.invoke(DelegatingMethodAccessorImpl.java:25)
	at java.lang.reflect.Method.invoke(Method.java:597)
	at org.testng.internal.MethodInvocationHelper.invokeMethod(MethodInvocationHelper.java:84)
	at org.testng.internal.Invoker.invokeMethod(Invoker.java:714)
	at org.testng.internal.Invoker.invokeTestMethod(Invoker.java:901)
	at org.testng.internal.Invoker.invokeTestMethods(Invoker.java:1231)
	at org.testng.internal.TestMethodWorker.invokeTestMethods(TestMethodWorker.java:127)
	at org.testng.internal.TestMethodWorker.run(TestMethodWorker.java:111)
	at org.testng.TestRunner.privateRun(TestRunner.java:767)
	at org.testng.TestRunner.run(TestRunner.java:617)
	at org.testng.SuiteRunner.runTest(SuiteRunner.java:334)
	at org.testng.SuiteRunner.runSequentially(SuiteRunner.java:329)
	at org.testng.SuiteRunner.privateRun(SuiteRunner.java:291)
	at org.testng.SuiteRunner.run(SuiteRunner.java:240)
	at org.testng.SuiteRunnerWorker.runSuite(SuiteRunnerWorker.java:52)
	at org.testng.SuiteRunnerWorker.run(SuiteRunnerWorker.java:86)
	at org.testng.TestNG.runSuitesSequentially(TestNG.java:1224)
	at org.testng.TestNG.runSuitesLocally(TestNG.java:1149)
	at org.testng.TestNG.run(TestNG.java:1057)
	at org.testng.remote.RemoteTestNG.run(RemoteTestNG.java:111)
	at org.testng.remote.RemoteTestNG.initAndRun(RemoteTestNG.java:204)
	at org.testng.remote.RemoteTestNG.main(RemoteTestNG.java:175)
Caused by: org.openqa.selenium.remote.ErrorHandler$UnknownServerException: Element is not currently visible and so may not be interacted with
Build info: version: '2.40.0', revision: '4c5c0568b004f67810ee41c459549aa4b09c651e', time: '2014-02-19 11:13:01'
System info: host: 'Administrators-Mac-mini-52.local', ip: '172.16.23.26', os.name: 'Mac OS X', os.arch: 'x86_64', os.version: '10.7.5', java.version: '1.6.0_51'
Driver info: driver.version: unknown
	at <anonymous class>.fxdriver.preconditions.visible(file:///var/folders/wc/6q7tfggj6qdcynh92m7w34940000gp/T/anonymous7436843400038064702webdriver-profile/extensions/fxdriver@googlecode.com/components/command_processor.js:8225)
	at <anonymous class>.DelayedCommand.prototype.checkPreconditions_(file:///var/folders/wc/6q7tfggj6qdcynh92m7w34940000gp/T/anonymous7436843400038064702webdriver-profile/extensions/fxdriver@googlecode.com/components/command_processor.js:10861)
	at <anonymous class>.DelayedCommand.prototype.executeInternal_/h(file:///var/folders/wc/6q7tfggj6qdcynh92m7w34940000gp/T/anonymous7436843400038064702webdriver-profile/extensions/fxdriver@googlecode.com/components/command_processor.js:10878)
	at <anonymous class>.DelayedCommand.prototype.executeInternal_(file:///var/folders/wc/6q7tfggj6qdcynh92m7w34940000gp/T/anonymous7436843400038064702webdriver-profile/extensions/fxdriver@googlecode.com/components/command_processor.js:10883)
	at <anonymous class>.DelayedCommand.prototype.execute/<(file:///var/folders/wc/6q7tfggj6qdcynh92m7w34940000gp/T/anonymous7436843400038064702webdriver-profile/extensions/fxdriver@googlecode.com/components/command_processor.js:10825)
]]>
    </failure>
  </testcase> <!-- test1 -->
  <testcase name="test2" time="64.273" classname="Selenium.TestScenarios"/>
  <testcase name="test3" time="110.203" classname="Selenium.TestScenarios"/>
</testsuite> <!-- Selenium.TestScenarios -->
